"../../../../../Unreal/Group3Game3/Group3FlyGame/Content/ArtAssets/tunnel_texture.uasset" 0
"../../../../../Unreal/Group3Game3/Group3FlyGame/Content/ArtAssets/lambert5.uasset" 1
"../../../../../Unreal/Group3Game3/Group3FlyGame/Content/ArtAssets/tunnel.uasset" 2
"../../../../../Unreal/Group3Game3/Group3FlyGame/Content/tunnel.uasset" 3
"../../../../../Unreal/Group3Game3/Group3FlyGame/Content/ArtAssets/fan.uasset" 4
"../../../../../Unreal/Group3Game3/Group3FlyGame/Content/ArtAssets/lambert1.uasset" 5
"../../../../../Unreal/Group3Game3/Group3FlyGame/Content/ArtAssets/Audio/SFX/bang_09.uasset" 6
"../../../../../Unreal/Group3Game3/Group3FlyGame/Content/ArtAssets/Audio/SFX/cannon_02.uasset" 7
"../../../../../Unreal/Group3Game3/Group3FlyGame/Content/ArtAssets/Audio/SFX/fw_loop.uasset" 8
"../../../../../Unreal/Group3Game3/Group3FlyGame/Content/ArtAssets/Audio/SFX/plane.uasset" 9
"../../../../../Unreal/Group3Game3/Group3FlyGame/Content/ArtAssets/Audio/SFX/shot_03.uasset" 10
"../../../../../Unreal/Group3Game3/Group3FlyGame/Content/FlyGame/Blueprints/Tuttext/AmmoPickupTutText.uasset" 11
"../../../../../Unreal/Group3Game3/Group3FlyGame/Content/FlyGame/Blueprints/AmmoPickupTutText.uasset" 12
"../../../../../Unreal/Group3Game3/Group3FlyGame/Content/FlyGame/Blueprints/Tuttext/BoostTutText.uasset" 13
"../../../../../Unreal/Group3Game3/Group3FlyGame/Content/FlyGame/Blueprints/BoostTutText.uasset" 14
"../../../../../Unreal/Group3Game3/Group3FlyGame/Content/StarterContent/Textures/T_Smoke_Tiled_D.uasset" 15
"../../../../../Unreal/Group3Game3/Group3FlyGame/Content/StarterContent/Textures/T_Smoke_SubUV.uasset" 16
"../../../../../Unreal/Group3Game3/Group3FlyGame/Content/StarterContent/Particles/Materials/M_smoke_subUV.uasset" 17
"../../../../../Unreal/Group3Game3/Group3FlyGame/Content/StarterContent/Particles/P_Steam_Lit.uasset" 18
"../../../Engine/Content/BasicShapes/BasicShapeMaterial.uasset" 19
"../../../../../Unreal/Group3Game3/Group3FlyGame/Content/ArtAssets/Audio/SFX/bang_01.uasset" 20
"../../../../../Unreal/Group3Game3/Group3FlyGame/Content/FlyGame/Blueprints/Bullets/aiStandardSurface1.uasset" 21
"../../../../../Unreal/Group3Game3/Group3FlyGame/Content/FlyGame/Blueprints/Bullets/aiStandardSurface2.uasset" 22
"../../../../../Unreal/Group3Game3/Group3FlyGame/Content/FlyGame/Blueprints/Bullets/lambert1.uasset" 23
"../../../../../Unreal/Group3Game3/Group3FlyGame/Content/FlyGame/Blueprints/Bullets/Bullet.uasset" 24
"../../../Engine/Content/Functions/Engine_MaterialFunctions01/Gradient/RadialGradient.uasset" 25
"../../../../../Unreal/Group3Game3/Group3FlyGame/Content/StarterContent/Particles/Materials/M_radial_ramp.uasset" 26
"../../../../../Unreal/Group3Game3/Group3FlyGame/Content/StarterContent/Particles/Materials/m_flare_01.uasset" 27
"../../../../../Unreal/Group3Game3/Group3FlyGame/Content/StarterContent/Textures/T_Explosion_SubUV.uasset" 28
"../../../../../Unreal/Group3Game3/Group3FlyGame/Content/StarterContent/Particles/Materials/M_explosion_subUV.uasset" 29
"../../../../../Unreal/Group3Game3/Group3FlyGame/Content/StarterContent/Textures/T_Burst_M.uasset" 30
"../../../../../Unreal/Group3Game3/Group3FlyGame/Content/StarterContent/Particles/Materials/M_Burst.uasset" 31
"../../../../../Unreal/Group3Game3/Group3FlyGame/Content/StarterContent/Particles/P_Explosion.uasset" 32
"../../../../../Unreal/Group3Game3/Group3FlyGame/Content/FlyGame/Blueprints/Bullets/BulletTemp.uasset" 33
"../../../../../Unreal/Group3Game3/Group3FlyGame/Content/ArtAssets/glass.uasset" 34
"../../../../../Unreal/Group3Game3/Group3FlyGame/Content/ArtAssets/guns.uasset" 35
"../../../../../Unreal/Group3Game3/Group3FlyGame/Content/ArtAssets/exhaust.uasset" 36
"../../../../../Unreal/Group3Game3/Group3FlyGame/Content/ArtAssets/jet.uasset" 37
"../../../../../Unreal/Group3Game3/Group3FlyGame/Content/ArtAssets/Audio/Army_of_cans.uasset" 38
"../../../../../Unreal/Group3Game3/Group3FlyGame/Content/ArtAssets/Audio/lose_music_3_-_1_0.uasset" 39
"../../../../../Unreal/Group3Game3/Group3FlyGame/Content/ArtAssets/Audio/SFX/cannon_03.uasset" 40
"../../../../../Unreal/Group3Game3/Group3FlyGame/Content/ArtAssets/Audio/SFX/qubodup-BangMid.uasset" 41
"../../../Engine/Content/EngineMaterials/T_Default_Material_Grid_N.uasset" 42
"../../../Engine/Content/EngineMaterials/T_Default_Material_Grid_M.uasset" 43
"../../../Engine/Content/Functions/Engine_MaterialFunctions01/Opacity/CameraDepthFade.uasset" 44
"../../../Engine/Content/EngineMaterials/DefaultMaterial.uasset" 45
"../../../Engine/Content/BasicShapes/Cone.uasset" 46
"../../../../../Unreal/Group3Game3/Group3FlyGame/Content/ArtAssets/Quit_Button.uasset" 47
"../../../../../Unreal/Group3Game3/Group3FlyGame/Content/ArtAssets/Menu.uasset" 48
"../../../Engine/Content/EditorBlueprintResources/StandardMacros.uasset" 49
"../../../../../Unreal/Group3Game3/Group3FlyGame/Content/FlyGame/MainMenu/Widgets/LoseMenu.uasset" 50
"../../../../../Unreal/Group3Game3/Group3FlyGame/Content/FlyingBP/Blueprints/FlyingPawn.uasset" 51
"../../../../../Unreal/Group3Game3/Group3FlyGame/Content/FlyGame/Blueprints/Checkpoint.uasset" 52
"../../../../../Unreal/Group3Game3/Group3FlyGame/Content/FlyGame/Blueprints/Tuttext/DestroyTutText.uasset" 53
"../../../../../Unreal/Group3Game3/Group3FlyGame/Content/FlyGame/Blueprints/DestroyTutText.uasset" 54
"../../../../../Unreal/Group3Game3/Group3FlyGame/Content/FlyGame/Blueprints/Tuttext/FlyTutText.uasset" 55
"../../../../../Unreal/Group3Game3/Group3FlyGame/Content/FlyGame/Blueprints/FlyTutText.uasset" 56
"../../../../../Unreal/Group3Game3/Group3FlyGame/Content/FlyGame/Blueprints/Losezone.uasset" 57
"../../../../../Unreal/Group3Game3/Group3FlyGame/Content/FlyGame/Blueprints/MediaPlayer.uasset" 58
"../../../../../Unreal/Group3Game3/Group3FlyGame/Content/FlyGame/Blueprints/MediaPlayer_Video.uasset" 59
"../../../../../Unreal/Group3Game3/Group3FlyGame/Content/ArtAssets/pillar_texture.uasset" 60
"../../../../../Unreal/Group3Game3/Group3FlyGame/Content/ArtAssets/lambert3.uasset" 61
"../../../../../Unreal/Group3Game3/Group3FlyGame/Content/ArtAssets/Pillar.uasset" 62
"../../../../../Unreal/Group3Game3/Group3FlyGame/Content/FlyGame/Blueprints/Rotator.uasset" 63
"../../../../../Unreal/Group3Game3/Group3FlyGame/Content/ArtAssets/Play_Button.uasset" 64
"../../../../../Unreal/Group3Game3/Group3FlyGame/Content/ArtAssets/Help.uasset" 65
"../../../../../Unreal/Group3Game3/Group3FlyGame/Content/ArtAssets/BG.uasset" 66
"../../../../../Unreal/Group3Game3/Group3FlyGame/Content/FlyGame/MainMenu/Widgets/HelpWidget.uasset" 67
"../../../../../Unreal/Group3Game3/Group3FlyGame/Content/FlyGame/MainMenu/Widgets/Mainmenu.uasset" 68
"../../../../../Unreal/Group3Game3/Group3FlyGame/Content/FlyGame/MainMenu/Widgets/Mainme.uasset" 69
"../../../../../Unreal/Group3Game3/Group3FlyGame/Content/FlyGame/MainMenu/Mainme.uasset" 70
"../../../../../Unreal/Group3Game3/Group3FlyGame/Content/Flying/Meshes/BaseMaterial.uasset" 71
"../../../../../Unreal/Group3Game3/Group3FlyGame/Content/Flying/Meshes/UFOMaterial.uasset" 72
"../../../../../Unreal/Group3Game3/Group3FlyGame/Content/Flying/Meshes/UFO.uasset" 73
"../../../../../Unreal/Group3Game3/Group3FlyGame/Content/FlyingBP/FlyingOverview.uasset" 74
"../../../../../Unreal/Group3Game3/Group3FlyGame/Content/Geometry/Meshes/CubeMaterial.uasset" 75
"../../../../../Unreal/Group3Game3/Group3FlyGame/Content/Geometry/Meshes/1M_Cube.uasset" 76
"../../../../../Unreal/Group3Game3/Group3FlyGame/Content/StarterContent/Materials/M_Basic_Wall.uasset" 77
"../../../../../Unreal/Group3Game3/Group3FlyGame/Content/StarterContent/Architecture/Pillar_50x500.uasset" 78
"../../../../../Unreal/Group3Game3/Group3FlyGame/Content/StarterContent/Architecture/Wall_400x300.uasset" 79
"../../../../../Unreal/Group3Game3/Group3FlyGame/Content/StarterContent/Architecture/Wall_400x400.uasset" 80
"../../../../../Unreal/Group3Game3/Group3FlyGame/Content/StarterContent/Architecture/Wall_500x500.uasset" 81
"../../../../../Unreal/Group3Game3/Group3FlyGame/Content/StarterContent/Architecture/Wall_Door_400x400.uasset" 82
"../../../../../Unreal/Group3Game3/Group3FlyGame/Content/StarterContent/Architecture/Wall_Window_400x400.uasset" 83
"../../../../../Unreal/Group3Game3/Group3FlyGame/Content/StarterContent/Audio/Collapse01.uasset" 84
"../../../../../Unreal/Group3Game3/Group3FlyGame/Content/StarterContent/Audio/Collapse02.uasset" 85
"../../../../../Unreal/Group3Game3/Group3FlyGame/Content/StarterContent/Audio/Explosion01.uasset" 86
"../../../../../Unreal/Group3Game3/Group3FlyGame/Content/StarterContent/Audio/Explosion02.uasset" 87
"../../../../../Unreal/Group3Game3/Group3FlyGame/Content/StarterContent/Audio/Fire01.uasset" 88
"../../../../../Unreal/Group3Game3/Group3FlyGame/Content/StarterContent/Audio/Fire_Sparks01.uasset" 89
"../../../../../Unreal/Group3Game3/Group3FlyGame/Content/StarterContent/Audio/Light01.uasset" 90
"../../../../../Unreal/Group3Game3/Group3FlyGame/Content/StarterContent/Audio/Light01_Cue.uasset" 91
"../../../../../Unreal/Group3Game3/Group3FlyGame/Content/StarterContent/Audio/Light02.uasset" 92
"../../../../../Unreal/Group3Game3/Group3FlyGame/Content/StarterContent/Audio/Light02_Cue.uasset" 93
"../../../../../Unreal/Group3Game3/Group3FlyGame/Content/StarterContent/Audio/Smoke01.uasset" 94
"../../../../../Unreal/Group3Game3/Group3FlyGame/Content/StarterContent/Audio/Starter_Birds01.uasset" 95
"../../../../../Unreal/Group3Game3/Group3FlyGame/Content/StarterContent/Audio/Starter_Music01.uasset" 96
"../../../../../Unreal/Group3Game3/Group3FlyGame/Content/StarterContent/Audio/Starter_Wind05.uasset" 97
"../../../../../Unreal/Group3Game3/Group3FlyGame/Content/StarterContent/Audio/Starter_Wind06.uasset" 98
"../../../../../Unreal/Group3Game3/Group3FlyGame/Content/StarterContent/Audio/Steam01.uasset" 99
"../../../../../Unreal/Group3Game3/Group3FlyGame/Content/StarterContent/Audio/Explosion_Cue.uasset" 100
"../../../../../Unreal/Group3Game3/Group3FlyGame/Content/StarterContent/Blueprints/Blueprint_Effect_Explosion.uasset" 101
"../../../Engine/Content/EditorMeshes/ColorCalibrator/T_ColorGrid.uasset" 102
"../../../../../Unreal/Group3Game3/Group3FlyGame/Content/StarterContent/Materials/M_ColorGrid_LowSpec.uasset" 103
"../../../../../Unreal/Group3Game3/Group3FlyGame/Content/StarterContent/Textures/T_Bush_N.uasset" 104
"../../../../../Unreal/Group3Game3/Group3FlyGame/Content/StarterContent/Textures/T_Bush_D.uasset" 105
"../../../../../Unreal/Group3Game3/Group3FlyGame/Content/StarterContent/Props/Materials/M_Bush.uasset" 106
"../../../../../Unreal/Group3Game3/Group3FlyGame/Content/StarterContent/Props/SM_Bush.uasset" 107
"../../../../../Unreal/Group3Game3/Group3FlyGame/Content/StarterContent/Textures/T_Chair_N.uasset" 108
"../../../../../Unreal/Group3Game3/Group3FlyGame/Content/StarterContent/Textures/T_Chair_M.uasset" 109
"../../../../../Unreal/Group3Game3/Group3FlyGame/Content/StarterContent/Props/Materials/M_Chair.uasset" 110
"../../../../../Unreal/Group3Game3/Group3FlyGame/Content/StarterContent/Props/SM_Couch.uasset" 111
"../../../../../Unreal/Group3Game3/Group3FlyGame/Content/StarterContent/Textures/T_Door_N.uasset" 112
"../../../../../Unreal/Group3Game3/Group3FlyGame/Content/StarterContent/Textures/T_Door_M.uasset" 113
"../../../../../Unreal/Group3Game3/Group3FlyGame/Content/StarterContent/Props/Materials/M_Door.uasset" 114
"../../../../../Unreal/Group3Game3/Group3FlyGame/Content/StarterContent/Materials/M_Glass.uasset" 115
"../../../../../Unreal/Group3Game3/Group3FlyGame/Content/StarterContent/Props/SM_Door.uasset" 116
"../../../../../Unreal/Group3Game3/Group3FlyGame/Content/StarterContent/Props/Materials/M_MaterialSphere_Plain.uasset" 117
"../../../../../Unreal/Group3Game3/Group3FlyGame/Content/StarterContent/Props/Materials/M_MaterialSphere.uasset" 118
"../../../../../Unreal/Group3Game3/Group3FlyGame/Content/StarterContent/Props/SM_MatPreviewMesh_02.uasset" 119
"../../../../../Unreal/Group3Game3/Group3FlyGame/Content/StarterContent/Textures/T_RockMesh_N.uasset" 120
"../../../../../Unreal/Group3Game3/Group3FlyGame/Content/StarterContent/Textures/T_RockMesh_M.uasset" 121
"../../../../../Unreal/Group3Game3/Group3FlyGame/Content/StarterContent/Textures/T_Rock_Basalt_D.uasset" 122
"../../../Engine/Content/Functions/Engine_MaterialFunctions02/Utility/BlendAngleCorrectedNormals.uasset" 123
"../../../../../Unreal/Group3Game3/Group3FlyGame/Content/StarterContent/Textures/T_Detail_Rocky_N.uasset" 124
"../../../../../Unreal/Group3Game3/Group3FlyGame/Content/StarterContent/Props/Materials/M_Rock.uasset" 125
"../../../../../Unreal/Group3Game3/Group3FlyGame/Content/StarterContent/Props/SM_Rock.uasset" 126
"../../../../../Unreal/Group3Game3/Group3FlyGame/Content/StarterContent/Textures/T_Shelf_N.uasset" 127
"../../../../../Unreal/Group3Game3/Group3FlyGame/Content/StarterContent/Textures/T_Shelf_M.uasset" 128
"../../../../../Unreal/Group3Game3/Group3FlyGame/Content/StarterContent/Props/Materials/M_Shelf.uasset" 129
"../../../../../Unreal/Group3Game3/Group3FlyGame/Content/StarterContent/Props/SM_Shelf.uasset" 130
"../../../../../Unreal/Group3Game3/Group3FlyGame/Content/StarterContent/Materials/M_Basic_Floor.uasset" 131
"../../../../../Unreal/Group3Game3/Group3FlyGame/Content/StarterContent/Props/SM_Stairs.uasset" 132
"../../../../../Unreal/Group3Game3/Group3FlyGame/Content/StarterContent/Shapes/Shape_Cone.uasset" 133
"../../../../../Unreal/Group3Game3/Group3FlyGame/Content/StarterContent/Shapes/Shape_Cylinder.uasset" 134
"../../../../../Unreal/Group3Game3/Group3FlyGame/Content/StarterContent/Shapes/Shape_NarrowCapsule.uasset" 135
"../../../../../Unreal/Group3Game3/Group3FlyGame/Content/StarterContent/Shapes/Shape_Pipe.uasset" 136
"../../../../../Unreal/Group3Game3/Group3FlyGame/Content/StarterContent/Shapes/Shape_Pipe_180.uasset" 137
"../../../../../Unreal/Group3Game3/Group3FlyGame/Content/StarterContent/Shapes/Shape_Pipe_90.uasset" 138
"../../../../../Unreal/Group3Game3/Group3FlyGame/Content/StarterContent/Shapes/Shape_Plane.uasset" 139
"../../../../../Unreal/Group3Game3/Group3FlyGame/Content/StarterContent/Shapes/Shape_Torus.uasset" 140
"../../../../../Unreal/Group3Game3/Group3FlyGame/Content/StarterContent/Shapes/Shape_Trim.uasset" 141
"../../../../../Unreal/Group3Game3/Group3FlyGame/Content/StarterContent/Shapes/Shape_Trim_90_In.uasset" 142
"../../../../../Unreal/Group3Game3/Group3FlyGame/Content/StarterContent/Shapes/Shape_Trim_90_Out.uasset" 143
"../../../../../Unreal/Group3Game3/Group3FlyGame/Content/StarterContent/Shapes/Shape_TriPyramid.uasset" 144
"../../../../../Unreal/Group3Game3/Group3FlyGame/Content/StarterContent/Shapes/Shape_Tube.uasset" 145
"../../../../../Unreal/Group3Game3/Group3FlyGame/Content/StarterContent/Shapes/Shape_Wedge_A.uasset" 146
"../../../../../Unreal/Group3Game3/Group3FlyGame/Content/StarterContent/Shapes/Shape_Wedge_B.uasset" 147
"../../../../../Unreal/Group3Game3/Group3FlyGame/Content/StarterContent/Shapes/Shape_WideCapsule.uasset" 148
"../../../Engine/Content/EngineMaterials/WorldGridMaterial.uasset" 149
"../../../Engine/Content/ArtTools/RenderToTexture/Meshes/S_1_Unit_Plane.uasset" 150
"../../../Engine/Content/BasicShapes/Cube.uasset" 151
"../../../Engine/Content/BasicShapes/Plane.uasset" 152
"../../../Engine/Content/EditorLandscapeResources/DataLayer.uasset" 153
"../../../Engine/Content/EditorLandscapeResources/DefaultAlphaTexture.uasset" 154
"../../../Engine/Content/EditorMaterials/MAT_Groups_Toggle.uasset" 155
"../../../Engine/Content/EditorMaterials/MAT_Groups_Visibility.uasset" 156
"../../../Engine/Content/EditorMaterials/PreviewShadowIndicator.uasset" 157
"../../../Engine/Content/EditorMaterials/PreviewShadowIndicatorMaterial.uasset" 158
"../../../Engine/Content/EditorMaterials/MatineeGroups/MAT_ColorTrack.uasset" 159
"../../../Engine/Content/EditorMaterials/MatineeGroups/MAT_Groups_Anim.uasset" 160
"../../../Engine/Content/EditorMaterials/MatineeGroups/MAT_Groups_AudioMaster.uasset" 161
"../../../Engine/Content/EditorMaterials/MatineeGroups/MAT_Groups_Director.uasset" 162
"../../../Engine/Content/EditorMaterials/MatineeGroups/MAT_Groups_Event.uasset" 163
"../../../Engine/Content/EditorMaterials/MatineeGroups/MAT_Groups_Fade.uasset" 164
"../../../Engine/Content/EditorMaterials/MatineeGroups/MAT_Groups_Float.uasset" 165
"../../../Engine/Content/EditorMaterials/MatineeGroups/MAT_Groups_Move.uasset" 166
"../../../Engine/Content/EditorMaterials/MatineeGroups/MAT_Groups_Slomo.uasset" 167
"../../../Engine/Content/EditorMaterials/MatineeGroups/MAT_Groups_Sound.uasset" 168
"../../../Engine/Content/EditorMaterials/MatineeGroups/MAT_Groups_Vector.uasset" 169
"../../../Engine/Content/EditorMaterials/ParticleSystems/PSysThumbnail_NoImage.uasset" 170
"../../../Engine/Content/EditorMaterials/ParticleSystems/PSysThumbnail_OOD.uasset" 171
"../../../Engine/Content/EditorMaterials/Camera/CineMat.uasset" 172
"../../../Engine/Content/EditorMaterials/Camera/MI_CineMat_Rig.uasset" 173
"../../../Engine/Content/EditorMeshes/Camera/SM_CraneRig_Arm.uasset" 174
"../../../Engine/Content/EditorMeshes/Camera/SM_CraneRig_Base.uasset" 175
"../../../Engine/Content/EditorMeshes/Camera/SM_CraneRig_Body.uasset" 176
"../../../Engine/Content/EditorMeshes/Camera/SM_CraneRig_Mount.uasset" 177
"../../../Engine/Content/EditorMeshes/Camera/SM_RailRig_Mount.uasset" 178
"../../../Engine/Content/EditorMeshes/Camera/SM_RailRig_Track.uasset" 179
"../../../Engine/Content/EditorResources/BSPVertex.uasset" 180
"../../../Engine/Content/EditorResources/EmptyActor.uasset" 181
"../../../Engine/Content/EditorResources/S_Actor.uasset" 182
"../../../Engine/Content/EditorResources/S_Note.uasset" 183
"../../../Engine/Content/EditorResources/S_Solver.uasset" 184
"../../../Engine/Content/EditorResources/S_Terrain.uasset" 185
"../../../Engine/Content/EditorResources/S_Trigger.uasset" 186
"../../../Engine/Content/EditorResources/AudioIcons/S_AudioComponent.uasset" 187
"../../../Engine/Content/EditorResources/AudioIcons/S_AudioComponent_AutoActivate.uasset" 188
"../../../Engine/Content/EditorResources/LightIcons/S_LightError.uasset" 189
"../../../Engine/Content/EditorResources/SequenceRecorder/Countdown.uasset" 190
"../../../Engine/Content/EditorResources/SequenceRecorder/RecordingIndicator.uasset" 191
"../../../Engine/Content/EngineDamageTypes/DmgTypeBP_Environmental.uasset" 192
"../../../Engine/Content/EngineDebugMaterials/DebugEditorMaterial.uasset" 193
"../../../Engine/Content/EngineDebugMaterials/DebugMeshMaterial.uasset" 194
"../../../Engine/Content/EngineDebugMaterials/M_SimpleUnlitTranslucent.uasset" 195
"../../../Engine/Content/EngineDebugMaterials/VolumeToRender.uasset" 196
"../../../Engine/Content/Functions/Engine_MaterialFunctions02/Utility/CameraDirectionVector.uasset" 197
"../../../Engine/Content/EngineDebugMaterials/M_VolumeRenderSphereTracePP.uasset" 198
"../../../Engine/Content/Functions/Engine_MaterialFunctions01/Shading/ConvertFromDiffSpec.uasset" 199
"../../../Engine/Content/EngineDebugMaterials/VertexColorMaterial.uasset" 200
"../../../Engine/Content/EngineDebugMaterials/WireframeMaterial.uasset" 201
"../../../Engine/Content/EngineFonts/Faces/RobotoRegular.uasset" 202
"../../../Engine/Content/EngineFonts/Faces/RobotoLight.uasset" 203
"../../../Engine/Content/EngineFonts/Faces/RobotoItalic.uasset" 204
"../../../Engine/Content/EngineFonts/Faces/RobotoBoldItalic.uasset" 205
"../../../Engine/Content/EngineFonts/Faces/RobotoBold.uasset" 206
"../../../Engine/Content/EngineFonts/Faces/DroidSansFallback.uasset" 207
"../../../Engine/Content/EngineFonts/Roboto.uasset" 208
"../../../Engine/Content/EngineMaterials/BaseFlattenNormalMap.uasset" 209
"../../../Engine/Content/EngineMaterials/BaseFlattenGrayscaleMap.uasset" 210
"../../../Engine/Content/EngineMaterials/BaseFlattenEmissiveMap.uasset" 211
"../../../Engine/Content/EngineMaterials/BaseFlattenDiffuseMap.uasset" 212
"../../../Engine/Content/EngineMaterials/BaseFlattenMaterial.uasset" 213
"../../../Engine/Content/EngineMaterials/BlueNoise.uasset" 214
"../../../Engine/Content/EngineMaterials/DefaultBloomKernel.uasset" 215
"../../../Engine/Content/EngineMaterials/DefaultBokeh.uasset" 216
"../../../Engine/Content/EngineMaterials/DefaultDiffuse.uasset" 217
"../../../Engine/Content/EngineMaterials/DefaultDeferredDecalMaterial.uasset" 218
"../../../Engine/Content/EngineMaterials/DefaultLightFunctionMaterial.uasset" 219
"../../../Engine/Content/EngineMaterials/DefaultPhysicalMaterial.uasset" 220
"../../../Engine/Content/Functions/Engine_MaterialFunctions02/Utility/BreakOutFloat2Components.uasset" 221
"../../../Engine/Content/EngineMaterials/DefaultPostProcessMaterial.uasset" 222
"../../../Engine/Content/EngineFonts/RobotoDistanceField.uasset" 223
"../../../Engine/Content/EngineMaterials/DefaultTextMaterialOpaque.uasset" 224
"../../../Engine/Content/EngineMaterials/DefaultWhiteGrid.uasset" 225
"../../../Engine/Content/EngineMaterials/DefaultWhiteGrid_Low.uasset" 226
"../../../Engine/Content/EngineMaterials/EmissiveMeshMaterial.uasset" 227
"../../../Engine/Content/EngineMaterials/GizmoMaterial.uasset" 228
"../../../Engine/Content/EngineMaterials/Good64x64TilingNoiseHighFreq.uasset" 229
"../../../Engine/Content/EngineMaterials/MiniFont.uasset" 230
"../../../Engine/Content/EngineMaterials/InvalidLightmapSettings.uasset" 231
"../../../Engine/Content/EngineMaterials/M_InvalidLightmapSettings.uasset" 232
"../../../Engine/Content/Functions/Engine_MaterialFunctions02/WorldPositionOffset/CameraOffset.uasset" 233
"../../../Engine/Content/EngineMaterials/PhAT_JointLimitMaterial.uasset" 234
"../../../Engine/Content/EngineMaterials/PreintegratedSkinBRDF.uasset" 235
"../../../Engine/Content/EngineMaterials/RemoveSurfaceMaterial.uasset" 236
"../../../Engine/Content/EngineMaterials/WeightMapPlaceholderTexture.uasset" 237
"../../../Engine/Content/EngineResources/WhiteSquareTexture.uasset" 238
"../../../Engine/Content/EngineMaterials/Widget3DPassThrough.uasset" 239
"../../../Engine/Content/EngineMaterials/Widget3DPassThrough_Masked.uasset" 240
"../../../Engine/Content/EngineMaterials/Widget3DPassThrough_Opaque.uasset" 241
"../../../Engine/Content/EngineMaterials/Widget3DPassThrough_Masked_OneSided.uasset" 242
"../../../Engine/Content/EngineMaterials/Widget3DPassThrough_Opaque_OneSided.uasset" 243
"../../../Engine/Content/EngineMaterials/Widget3DPassThrough_Translucent.uasset" 244
"../../../Engine/Content/EngineMaterials/Widget3DPassThrough_Translucent_OneSided.uasset" 245
"../../../Engine/Content/EngineMeshes/Cylinder.uasset" 246
"../../../Engine/Content/EngineMeshes/Sphere.uasset" 247
"../../../Engine/Content/EngineResources/Black.uasset" 248
"../../../Engine/Content/EngineResources/DefaultTextureCube.uasset" 249
"../../../Engine/Content/EngineResources/DefaultVolumeTexture2D.uasset" 250
"../../../Engine/Content/EngineResources/DefaultVolumeTexture.uasset" 251
"../../../Engine/Content/EngineResources/GradientTexture0.uasset" 252
"../../../Engine/Content/EngineSky/VolumetricClouds/T_NoiseShape64.uasset" 253
"../../../Engine/Content/EngineSky/VolumetricClouds/T_VolumeNoiseShape64.uasset" 254
"../../../Engine/Content/EngineSky/VolumetricClouds/T_NoiseErosion.uasset" 255
"../../../Engine/Content/EngineSky/VolumetricClouds/T_VolumeNoiseErosion32.uasset" 256
"../../../Engine/Content/EngineSky/VolumetricClouds/CloudWeatherTexture.uasset" 257
"../../../Engine/Content/EngineSky/VolumetricClouds/CloudGradientTexture.uasset" 258
"../../../Engine/Content/Functions/Engine_MaterialFunctions02/Utility/MakeFloat2.uasset" 259
"../../../Engine/Content/EngineSky/VolumetricClouds/m_SimpleVolumetricCloud.uasset" 260
"../../../Engine/Content/EngineSky/VolumetricClouds/m_SimpleVolumetricCloud_Inst.uasset" 261
"../../../Engine/Content/EngineSounds/Master.uasset" 262
"../../../Engine/Content/Functions/Engine_MaterialFunctions01/Shading/PowerToRoughness.uasset" 263
"../../../Engine/Content/Maps/Templates/Thumbnails/Default.uasset" 264
"../../../Engine/Content/Maps/Templates/Thumbnails/TimeOfDay.uasset" 265
"../../../Engine/Content/Maps/Templates/Thumbnails/VR-Basic.uasset" 266
"../../../Engine/Content/MobileResources/T_MobileControls_texture.uasset" 267
"../../../Engine/Content/MobileResources/T_MobileMenu2.uasset" 268
"../../../Engine/Content/MobileResources/HUD/AnalogHat.uasset" 269
"../../../Engine/Content/MobileResources/HUD/VirtualJoystick_Thumb.uasset" 270
"../../../Engine/Content/MobileResources/HUD/VirtualJoystick_Background.uasset" 271
"../../../Engine/Content/MobileResources/HUD/DefaultVirtualJoysticks.uasset" 272
"../../../Engine/Content/MobileResources/HUD/LeftVirtualJoystickOnly.uasset" 273
"../../../Engine/Content/MobileResources/HUD/MobileHUDButton1_off.uasset" 274
"../../../Engine/Content/MobileResources/HUD/MobileHUDButton1_on.uasset" 275
"../../../Engine/Content/MobileResources/HUD/MobileHUDButton2_off.uasset" 276
"../../../Engine/Content/MobileResources/HUD/MobileHUDButton2_on.uasset" 277
"../../../Engine/Content/MobileResources/HUD/MobileHUDButton3.uasset" 278
"../../../Engine/Content/MobileResources/HUD/MobileHUDButtonFire.uasset" 279
"../../../Engine/Content/MobileResources/HUD/MobileHUDDirectionPad.uasset" 280
"../../../Engine/Content/MobileResources/HUD/MobileHUDDirectionPad2.uasset" 281
"../../../Engine/Content/MobileResources/HUD/MobileHUDDirectionPad3.uasset" 282
"../../../Engine/Content/MobileResources/HUD/MobileHUDDirectionStick.uasset" 283
"../../../Engine/Content/MobileResources/HUD/T_Castle_ThumbstickInner.uasset" 284
"../../../Engine/Content/MobileResources/HUD/T_Castle_ThumbstickOutter.uasset" 285
"../../../Engine/Content/Tutorial/ContentIntroCurve.uasset" 286
"../../../Engine/Content/Tutorial/Basics/LevelEditorAttract.uasset" 287
"../../../Engine/Content/VREditor/TransformGizmo/TranslucentTransformGizmoMaterial.uasset" 288
"../../../Engine/Content/VREditor/LaserPointer/VR_LaserPower_01.uasset" 289
"../../../Engine/Content/VREditor/TransformGizmo/TransformGizmoMaterial.uasset" 290
"../../../Engine/Content/VREditor/TransformGizmo/BoundingBoxCorner.uasset" 291
"../../../Engine/Content/VREditor/TransformGizmo/BoundingBoxEdge.uasset" 292
"../../../Engine/Content/VREditor/TransformGizmo/PlaneTranslationHandle.uasset" 293
"../../../Engine/Content/VREditor/TransformGizmo/Xray.uasset" 294
"../../../Engine/Content/VREditor/TransformGizmo/Main.uasset" 295
"../../../Engine/Content/VREditor/TransformGizmo/SM_Sequencer_Key.uasset" 296
"../../../Engine/Content/VREditor/TransformGizmo/SM_Sequencer_Node.uasset" 297
"../../Plugins/2D/Paper2D/Content/PlaceholderTextures/DummySpriteTexture.uasset" 298
"../../Plugins/2D/Paper2D/Content/DummySprite.uasset" 299
"../../Plugins/2D/Paper2D/Content/DefaultPaperTerrainMaterial.uasset" 300
"../../Plugins/2D/Paper2D/Content/DefaultSpriteMaterial.uasset" 301
"../../Plugins/2D/Paper2D/Content/MaskedUnlitSpriteMaterial.uasset" 302
"../../Plugins/2D/Paper2D/Content/OpaqueUnlitSpriteMaterial.uasset" 303
"../../../Engine/Content/Functions/Engine_MaterialFunctions02/Utility/BreakOutFloat3Components.uasset" 304
"../../Plugins/Editor/SpeedTreeImporter/Content/SpeedTree9/UnpackInteger3.uasset" 305
"../../Plugins/Editor/SpeedTreeImporter/Content/SpeedTree9/UnpackDirection.uasset" 306
"../../Plugins/Editor/SpeedTreeImporter/Content/SpeedTree9/game_wind_noise.uasset" 307
"../../../Engine/Content/Functions/Engine_MaterialFunctions02/SafeNormalize.uasset" 308
"../../Plugins/Editor/SpeedTreeImporter/Content/SpeedTree9/SpeedTreeWindMotion.uasset" 309
"../../Plugins/Editor/SpeedTreeImporter/Content/SpeedTree9/SpeedTreeBranchMotion.uasset" 310
"../../../Engine/Content/Functions/Engine_MaterialFunctions02/ObjectLocalBounds.uasset" 311
"../../../Engine/Content/Functions/Engine_MaterialFunctions02/UVs/BoundingBoxBased_0-1_UVW.uasset" 312
"../../Plugins/Editor/SpeedTreeImporter/Content/SpeedTree9/SpeedTreeWind.uasset" 313
"../../Plugins/Editor/SpeedTreeImporter/Content/SpeedTree9/SpeedTreeBillboard.uasset" 314
"../../../Engine/Content/EngineResources/DefaultTexture.uasset" 315
"../../Plugins/Editor/SpeedTreeImporter/Content/SpeedTree9/SpeedTreeBillboardMaster.uasset" 316
"../../Plugins/Editor/SpeedTreeImporter/Content/SpeedTree9/SpeedTreeCameraFacing.uasset" 317
"../../Plugins/Editor/SpeedTreeImporter/Content/SpeedTree9/SpeedTreeMaster.uasset" 318
"../../../Engine/Content/ArtTools/RenderToTexture/Materials/Debug/M_Emissive_Color.uasset" 319
"../../../Engine/Content/BasicShapes/Cylinder.uasset" 320
"../../Plugins/Lumin/MagicLeapPassableWorld/Content/MagicLeapARPinInfoActor.uasset" 321
"../../../Engine/Content/Functions/Engine_MaterialFunctions02/Utility/BreakOutFloat4Components.uasset" 322
"../../../Engine/Content/Functions/Engine_MaterialFunctions02/Utility/MakeFloat3.uasset" 323
"../../Plugins/Runtime/Oculus/OculusVR/Content/Materials/OculusMR_ChromaKey.uasset" 324
"../../Plugins/Runtime/Oculus/OculusVR/Content/Materials/OculusMR_OpaqueColoredMaterial.uasset" 325
"../../Plugins/Runtime/Oculus/OculusVR/Content/Materials/PokeAHoleMaterial.uasset" 326
"../../../Engine/Content/EngineSky/T_Sky_Blue.uasset" 327
"../../../Engine/Content/EngineSky/T_Sky_Clouds_M.uasset" 328
"../../../Engine/Content/EngineSky/T_Sky_Stars.uasset" 329
"../../../Engine/Content/EngineSky/M_Sky_Panning_Clouds2.uasset" 330
"../../../Engine/Content/EngineSky/SM_SkySphere.uasset" 331
"../../../Engine/Content/EngineSky/C_Sky_Zenith_Color.uasset" 332
"../../../Engine/Content/EngineSky/C_Sky_Horizon_Color.uasset" 333
"../../../Engine/Content/EngineSky/C_Sky_Cloud_Color.uasset" 334
"../../../Engine/Content/EngineSky/BP_Sky_Sphere.uasset" 335
"../../../../../Unreal/Group3Game3/Group3FlyGame/Content/StarterContent/Particles/P_Smoke.uasset" 336
"../../../../../Unreal/Group3Game3/Group3FlyGame/Content/FlyGame/PhysicsJet.uasset" 337
"../../../../../Unreal/Group3Game3/Group3FlyGame/Content/FlyingBP/Blueprints/FlyingGameMode.uasset" 338
"../../../../../Unreal/Group3Game3/Group3FlyGame/Content/FlyGame/MechanicsTesting_BuiltData.uasset" 339
"../../../Engine/Content/MapTemplates/SM_Template_Map_Floor.uasset" 340
"../../../../../Unreal/Group3Game3/Group3FlyGame/Content/FlyGame/MechanicsTesting.umap" 341
"../../../../../Unreal/Group3Game3/Group3FlyGame/Content/ArtAssets/Audio/Cool_cool_mountain.uasset" 342
"../../../../../Unreal/Group3Game3/Group3FlyGame/Content/FlyGame/MainMenu/MainMenuGameMode.uasset" 343
"../../../../../Unreal/Group3Game3/Group3FlyGame/Content/FlyGame/MainMenu/MainMenu_BuiltData.uasset" 344
"../../../../../Unreal/Group3Game3/Group3FlyGame/Content/FlyGame/MainMenu/MainMenu.umap" 345
"../../../../../Unreal/Group3Game3/Group3FlyGame/Content/Flying/Meshes/GrayMaterial.uasset" 346
"../../../../../Unreal/Group3Game3/Group3FlyGame/Content/Geometry/Meshes/TemplateFloor.uasset" 347
"../../../../../Unreal/Group3Game3/Group3FlyGame/Content/FlyingBP/Maps/FlyingExampleMap_BuiltData.uasset" 348
"../../../../../Unreal/Group3Game3/Group3FlyGame/Content/Geometry/Meshes/1M_Cube_Chamfer.uasset" 349
"../../../../../Unreal/Group3Game3/Group3FlyGame/Content/FlyingBP/Maps/FlyingExampleMap.umap" 350
"../../../../../Unreal/Group3Game3/Group3FlyGame/Content/StarterContent/Blueprints/Assets/FogBrightnessLUT.uasset" 351
"../../../../../Unreal/Group3Game3/Group3FlyGame/Content/StarterContent/Blueprints/Assets/SunlightColorLUT.uasset" 352
"../../../../../Unreal/Group3Game3/Group3FlyGame/Content/StarterContent/Blueprints/Assets/M_LightStage_Arrows.uasset" 353
"../../../Engine/Content/MapTemplates/Sky/DaylightAmbientCubemap.uasset" 354
"../../../../../Unreal/Group3Game3/Group3FlyGame/Content/StarterContent/Blueprints/Assets/M_LightStage_Skybox_Master.uasset" 355
"../../../../../Unreal/Group3Game3/Group3FlyGame/Content/StarterContent/Blueprints/Assets/M_LightStage_Skybox_Black.uasset" 356
"../../../../../Unreal/Group3Game3/Group3FlyGame/Content/StarterContent/Blueprints/Assets/M_LightStage_Skybox_HDRI.uasset" 357
"../../../Engine/Content/EditorMaterials/Thumbnails/SkySphereMaterial.uasset" 358
"../../../../../Unreal/Group3Game3/Group3FlyGame/Content/StarterContent/Blueprints/Assets/Skybox.uasset" 359
"../../../../../Unreal/Group3Game3/Group3FlyGame/Content/StarterContent/Blueprints/Assets/SM_Arrows.uasset" 360
"../../../../../Unreal/Group3Game3/Group3FlyGame/Content/StarterContent/HDRI/HDRI_Epic_Courtyard_Daylight.uasset" 361
"../../../../../Unreal/Group3Game3/Group3FlyGame/Content/StarterContent/Blueprints/BP_LightStudio.uasset" 362
"../../../../../Unreal/Group3Game3/Group3FlyGame/Content/StarterContent/Maps/Advanced_Lighting_BuiltData.uasset" 363
"../../../Engine/Content/EditorMeshes/ColorCalibrator/M_GreyBall.uasset" 364
"../../../Engine/Content/EditorMeshes/ColorCalibrator/Color_checker.uasset" 365
"../../../Engine/Content/EditorMeshes/ColorCalibrator/M_ColorGrid.uasset" 366
"../../../Engine/Content/EditorMeshes/ColorCalibrator/M_ClearCoatBlack.uasset" 367
"../../../Engine/Content/EditorMeshes/ColorCalibrator/M_ClearCoat.uasset" 368
"../../../Engine/Content/EditorMeshes/ColorCalibrator/M_ChromeBall.uasset" 369
"../../../Engine/Content/EditorMeshes/ColorCalibrator/SM_ColorCalibrator.uasset" 370
"../../../../../Unreal/Group3Game3/Group3FlyGame/Content/StarterContent/Materials/M_AssetPlatform.uasset" 371
"../../../../../Unreal/Group3Game3/Group3FlyGame/Content/StarterContent/Architecture/SM_AssetPlatform.uasset" 372
"../../../../../Unreal/Group3Game3/Group3FlyGame/Content/StarterContent/Maps/Advanced_Lighting.umap" 373
"../../../../../Unreal/Group3Game3/Group3FlyGame/Content/StarterContent/Maps/Minimal_Default_BuiltData.uasset" 374
"../../../../../Unreal/Group3Game3/Group3FlyGame/Content/StarterContent/Textures/T_TableRound_N.uasset" 375
"../../../../../Unreal/Group3Game3/Group3FlyGame/Content/StarterContent/Textures/T_TableRound_M.uasset" 376
"../../../../../Unreal/Group3Game3/Group3FlyGame/Content/StarterContent/Props/Materials/M_TableRound.uasset" 377
"../../../../../Unreal/Group3Game3/Group3FlyGame/Content/StarterContent/Props/SM_TableRound.uasset" 378
"../../../../../Unreal/Group3Game3/Group3FlyGame/Content/StarterContent/Textures/T_Statue_N.uasset" 379
"../../../../../Unreal/Group3Game3/Group3FlyGame/Content/StarterContent/Textures/T_Statue_M.uasset" 380
"../../../../../Unreal/Group3Game3/Group3FlyGame/Content/StarterContent/Props/Materials/M_Statue.uasset" 381
"../../../../../Unreal/Group3Game3/Group3FlyGame/Content/StarterContent/Props/Materials/M_StatueGlass.uasset" 382
"../../../../../Unreal/Group3Game3/Group3FlyGame/Content/StarterContent/Props/SM_Statue.uasset" 383
"../../../../../Unreal/Group3Game3/Group3FlyGame/Content/StarterContent/Props/SM_Chair.uasset" 384
"../../../../../Unreal/Group3Game3/Group3FlyGame/Content/StarterContent/Textures/T_Metal_Copper_D.uasset" 385
"../../../../../Unreal/Group3Game3/Group3FlyGame/Content/StarterContent/Textures/T_Metal_Gold_N.uasset" 386
"../../../../../Unreal/Group3Game3/Group3FlyGame/Content/StarterContent/Textures/T_MacroVariation.uasset" 387
"../../../../../Unreal/Group3Game3/Group3FlyGame/Content/StarterContent/Materials/M_Metal_Copper.uasset" 388
"../../../../../Unreal/Group3Game3/Group3FlyGame/Content/StarterContent/Materials/M_Metal_Brushed_Nickel.uasset" 389
"../../../../../Unreal/Group3Game3/Group3FlyGame/Content/StarterContent/Textures/T_Metal_Aluminum_D.uasset" 390
"../../../../../Unreal/Group3Game3/Group3FlyGame/Content/StarterContent/Materials/M_Metal_Burnished_Steel.uasset" 391
"../../../../../Unreal/Group3Game3/Group3FlyGame/Content/StarterContent/Architecture/Floor_400x400.uasset" 392
"../../../../../Unreal/Group3Game3/Group3FlyGame/Content/StarterContent/Audio/Starter_Background_Cue.uasset" 393
"../../../../../Unreal/Group3Game3/Group3FlyGame/Content/StarterContent/Maps/Minimal_Default.umap" 394
"../../../../../Unreal/Group3Game3/Group3FlyGame/Content/StarterContent/Textures/T_Spark_Core.uasset" 395
"../../../../../Unreal/Group3Game3/Group3FlyGame/Content/StarterContent/Particles/Materials/M_Spark.uasset" 396
"../../../../../Unreal/Group3Game3/Group3FlyGame/Content/StarterContent/Particles/Materials/M_Radial_Gradient.uasset" 397
"../../../../../Unreal/Group3Game3/Group3FlyGame/Content/StarterContent/Particles/P_Sparks.uasset" 398
"../../../../../Unreal/Group3Game3/Group3FlyGame/Content/StarterContent/Audio/Fire_Sparks01_Cue.uasset" 399
"../../../../../Unreal/Group3Game3/Group3FlyGame/Content/StarterContent/Blueprints/Blueprint_Effect_Sparks.uasset" 400
"../../../../../Unreal/Group3Game3/Group3FlyGame/Content/StarterContent/Audio/Steam01_Cue.uasset" 401
"../../../../../Unreal/Group3Game3/Group3FlyGame/Content/StarterContent/Blueprints/Blueprint_Effect_Steam.uasset" 402
"../../../../../Unreal/Group3Game3/Group3FlyGame/Content/StarterContent/Textures/T_Lamp_N.uasset" 403
"../../../../../Unreal/Group3Game3/Group3FlyGame/Content/StarterContent/Textures/T_Lamp_M.uasset" 404
"../../../../../Unreal/Group3Game3/Group3FlyGame/Content/StarterContent/Props/Materials/M_Lamp.uasset" 405
"../../../../../Unreal/Group3Game3/Group3FlyGame/Content/StarterContent/Props/SM_Lamp_Wall.uasset" 406
"../../../../../Unreal/Group3Game3/Group3FlyGame/Content/StarterContent/Blueprints/Blueprint_WallSconce.uasset" 407
"../../../../../Unreal/Group3Game3/Group3FlyGame/Content/StarterContent/Audio/Smoke01_Cue.uasset" 408
"../../../../../Unreal/Group3Game3/Group3FlyGame/Content/StarterContent/Blueprints/Blueprint_Effect_Smoke.uasset" 409
"../../../../../Unreal/Group3Game3/Group3FlyGame/Content/StarterContent/Shapes/Shape_Sphere.uasset" 410
"../../../../../Unreal/Group3Game3/Group3FlyGame/Content/StarterContent/Shapes/Shape_QuadPyramid.uasset" 411
"../../../../../Unreal/Group3Game3/Group3FlyGame/Content/StarterContent/Shapes/Shape_Cube.uasset" 412
"../../../../../Unreal/Group3Game3/Group3FlyGame/Content/StarterContent/Textures/T_Frame_N.uasset" 413
"../../../../../Unreal/Group3Game3/Group3FlyGame/Content/StarterContent/Textures/T_Frame_M.uasset" 414
"../../../../../Unreal/Group3Game3/Group3FlyGame/Content/StarterContent/Props/Materials/M_Frame.uasset" 415
"../../../../../Unreal/Group3Game3/Group3FlyGame/Content/StarterContent/Props/SM_WindowFrame.uasset" 416
"../../../../../Unreal/Group3Game3/Group3FlyGame/Content/StarterContent/Props/SM_PillarFrame300.uasset" 417
"../../../../../Unreal/Group3Game3/Group3FlyGame/Content/StarterContent/Props/SM_PillarFrame.uasset" 418
"../../../../../Unreal/Group3Game3/Group3FlyGame/Content/StarterContent/Props/SM_GlassWindow.uasset" 419
"../../../../../Unreal/Group3Game3/Group3FlyGame/Content/StarterContent/Props/SM_DoorFrame.uasset" 420
"../../../../../Unreal/Group3Game3/Group3FlyGame/Content/StarterContent/Props/SM_CornerFrame.uasset" 421
"../../../../../Unreal/Group3Game3/Group3FlyGame/Content/StarterContent/Props/MaterialSphere.uasset" 422
"../../../../../Unreal/Group3Game3/Group3FlyGame/Content/StarterContent/Textures/T_Dust_Particle_D.uasset" 423
"../../../../../Unreal/Group3Game3/Group3FlyGame/Content/StarterContent/Particles/Materials/M_Dust_Particle.uasset" 424
"../../../../../Unreal/Group3Game3/Group3FlyGame/Content/StarterContent/Particles/P_Ambient_Dust.uasset" 425
"../../../../../Unreal/Group3Game3/Group3FlyGame/Content/StarterContent/Textures/T_Wood_Walnut_N.uasset" 426
"../../../../../Unreal/Group3Game3/Group3FlyGame/Content/StarterContent/Textures/T_Wood_Walnut_D.uasset" 427
"../../../../../Unreal/Group3Game3/Group3FlyGame/Content/StarterContent/Materials/M_Wood_Walnut.uasset" 428
"../../../../../Unreal/Group3Game3/Group3FlyGame/Content/StarterContent/Textures/T_Wood_Pine_N.uasset" 429
"../../../../../Unreal/Group3Game3/Group3FlyGame/Content/StarterContent/Textures/T_Wood_Pine_D.uasset" 430
"../../../../../Unreal/Group3Game3/Group3FlyGame/Content/StarterContent/Textures/T_Perlin_Noise_M.uasset" 431
"../../../../../Unreal/Group3Game3/Group3FlyGame/Content/StarterContent/Materials/M_Wood_Pine.uasset" 432
"../../../../../Unreal/Group3Game3/Group3FlyGame/Content/StarterContent/Textures/T_Wood_Oak_N.uasset" 433
"../../../../../Unreal/Group3Game3/Group3FlyGame/Content/StarterContent/Textures/T_Wood_Oak_D.uasset" 434
"../../../../../Unreal/Group3Game3/Group3FlyGame/Content/StarterContent/Materials/M_Wood_Oak.uasset" 435
"../../../Engine/Content/Functions/Engine_MaterialFunctions01/Opacity/AlphaOffset.uasset" 436
"../../../../../Unreal/Group3Game3/Group3FlyGame/Content/StarterContent/Textures/T_Wood_Floor_Walnut_N.uasset" 437
"../../../../../Unreal/Group3Game3/Group3FlyGame/Content/StarterContent/Textures/T_Wood_Floor_Walnut_M.uasset" 438
"../../../../../Unreal/Group3Game3/Group3FlyGame/Content/StarterContent/Textures/T_Wood_Floor_Walnut_D.uasset" 439
"../../../../../Unreal/Group3Game3/Group3FlyGame/Content/StarterContent/Materials/M_Wood_Floor_Walnut_Worn.uasset" 440
"../../../../../Unreal/Group3Game3/Group3FlyGame/Content/StarterContent/Materials/M_Wood_Floor_Walnut_Polished.uasset" 441
"../../../../../Unreal/Group3Game3/Group3FlyGame/Content/StarterContent/Textures/T_Water_M.uasset" 442
"../../../../../Unreal/Group3Game3/Group3FlyGame/Content/StarterContent/Textures/T_Water_N.uasset" 443
"../../../../../Unreal/Group3Game3/Group3FlyGame/Content/StarterContent/Materials/M_Water_Ocean.uasset" 444
"../../../../../Unreal/Group3Game3/Group3FlyGame/Content/StarterContent/Materials/M_Water_Lake.uasset" 445
"../../../../../Unreal/Group3Game3/Group3FlyGame/Content/StarterContent/Textures/T_Tech_Panel_N.uasset" 446
"../../../../../Unreal/Group3Game3/Group3FlyGame/Content/StarterContent/Textures/T_Tech_Panel_M.uasset" 447
"../../../../../Unreal/Group3Game3/Group3FlyGame/Content/StarterContent/Textures/T_Metal_Steel_D.uasset" 448
"../../../../../Unreal/Group3Game3/Group3FlyGame/Content/StarterContent/Materials/M_Tech_Panel.uasset" 449
"../../../../../Unreal/Group3Game3/Group3FlyGame/Content/StarterContent/Textures/T_Tech_Hex_Tile_N.uasset" 450
"../../../../../Unreal/Group3Game3/Group3FlyGame/Content/StarterContent/Textures/T_Tech_Hex_Tile_M.uasset" 451
"../../../../../Unreal/Group3Game3/Group3FlyGame/Content/StarterContent/Materials/M_Tech_Hex_Tile_Pulse.uasset" 452
"../../../../../Unreal/Group3Game3/Group3FlyGame/Content/StarterContent/Materials/M_Tech_Hex_Tile.uasset" 453
"../../../../../Unreal/Group3Game3/Group3FlyGame/Content/StarterContent/Textures/T_Tech_Dot_N.uasset" 454
"../../../../../Unreal/Group3Game3/Group3FlyGame/Content/StarterContent/Textures/T_Tech_Dot_M.uasset" 455
"../../../../../Unreal/Group3Game3/Group3FlyGame/Content/StarterContent/Textures/T_Single_Tile_N.uasset" 456
"../../../../../Unreal/Group3Game3/Group3FlyGame/Content/StarterContent/Textures/T_Checker_Noise_M.uasset" 457
"../../../../../Unreal/Group3Game3/Group3FlyGame/Content/StarterContent/Materials/M_Tech_Checker_Dot.uasset" 458
"../../../../../Unreal/Group3Game3/Group3FlyGame/Content/StarterContent/Textures/T_Rock_Slate_N.uasset" 459
"../../../../../Unreal/Group3Game3/Group3FlyGame/Content/StarterContent/Textures/T_Rock_Slate_D.uasset" 460
"../../../../../Unreal/Group3Game3/Group3FlyGame/Content/StarterContent/Materials/M_Rock_Slate.uasset" 461
"../../../../../Unreal/Group3Game3/Group3FlyGame/Content/StarterContent/Textures/T_Rock_Sandstone_N.uasset" 462
"../../../../../Unreal/Group3Game3/Group3FlyGame/Content/StarterContent/Textures/T_Rock_Sandstone_D.uasset" 463
"../../../../../Unreal/Group3Game3/Group3FlyGame/Content/StarterContent/Materials/M_Rock_Sandstone.uasset" 464
"../../../../../Unreal/Group3Game3/Group3FlyGame/Content/StarterContent/Textures/T_Rock_Marble_Polished_D.uasset" 465
"../../../../../Unreal/Group3Game3/Group3FlyGame/Content/StarterContent/Materials/M_Rock_Marble_Polished.uasset" 466
"../../../../../Unreal/Group3Game3/Group3FlyGame/Content/StarterContent/Textures/T_Rock_Basalt_N.uasset" 467
"../../../../../Unreal/Group3Game3/Group3FlyGame/Content/StarterContent/Materials/M_Rock_Basalt.uasset" 468
"../../../../../Unreal/Group3Game3/Group3FlyGame/Content/StarterContent/Textures/T_Metal_Steel_N.uasset" 469
"../../../../../Unreal/Group3Game3/Group3FlyGame/Content/StarterContent/Materials/M_Metal_Steel.uasset" 470
"../../../../../Unreal/Group3Game3/Group3FlyGame/Content/StarterContent/Textures/T_Metal_Rust_D.uasset" 471
"../../../../../Unreal/Group3Game3/Group3FlyGame/Content/StarterContent/Textures/T_Metal_Rust_N.uasset" 472
"../../../../../Unreal/Group3Game3/Group3FlyGame/Content/StarterContent/Materials/M_Metal_Rust.uasset" 473
"../../../../../Unreal/Group3Game3/Group3FlyGame/Content/StarterContent/Textures/T_Metal_Gold_D.uasset" 474
"../../../../../Unreal/Group3Game3/Group3FlyGame/Content/StarterContent/Materials/M_Metal_Gold.uasset" 475
"../../../../../Unreal/Group3Game3/Group3FlyGame/Content/StarterContent/Textures/T_Ground_Moss_N.uasset" 476
"../../../../../Unreal/Group3Game3/Group3FlyGame/Content/StarterContent/Textures/T_ground_Moss_D.uasset" 477
"../../../../../Unreal/Group3Game3/Group3FlyGame/Content/StarterContent/Materials/M_Ground_Moss.uasset" 478
"../../../../../Unreal/Group3Game3/Group3FlyGame/Content/StarterContent/Textures/T_Ground_Gravel_N.uasset" 479
"../../../../../Unreal/Group3Game3/Group3FlyGame/Content/StarterContent/Textures/T_Ground_Gravel_D.uasset" 480
"../../../../../Unreal/Group3Game3/Group3FlyGame/Content/StarterContent/Materials/M_Ground_Gravel.uasset" 481
"../../../../../Unreal/Group3Game3/Group3FlyGame/Content/StarterContent/Textures/T_Ground_Grass_N.uasset" 482
"../../../../../Unreal/Group3Game3/Group3FlyGame/Content/StarterContent/Textures/T_Ground_Grass_D.uasset" 483
"../../../../../Unreal/Group3Game3/Group3FlyGame/Content/StarterContent/Materials/M_Ground_Grass.uasset" 484
"../../../../../Unreal/Group3Game3/Group3FlyGame/Content/StarterContent/Textures/T_Concrete_Tiles_Variation_M.uasset" 485
"../../../../../Unreal/Group3Game3/Group3FlyGame/Content/StarterContent/Textures/T_Concrete_Tiles_N.uasset" 486
"../../../../../Unreal/Group3Game3/Group3FlyGame/Content/StarterContent/Textures/T_Concrete_Tiles_M.uasset" 487
"../../../../../Unreal/Group3Game3/Group3FlyGame/Content/StarterContent/Textures/T_Concrete_Tiles_D.uasset" 488
"../../../../../Unreal/Group3Game3/Group3FlyGame/Content/StarterContent/Materials/M_Concrete_Tiles.uasset" 489
"../../../../../Unreal/Group3Game3/Group3FlyGame/Content/StarterContent/Textures/T_Concrete_Panels_N.uasset" 490
"../../../../../Unreal/Group3Game3/Group3FlyGame/Content/StarterContent/Textures/T_Concrete_Panels_D.uasset" 491
"../../../../../Unreal/Group3Game3/Group3FlyGame/Content/StarterContent/Materials/M_Concrete_Panels.uasset" 492
"../../../../../Unreal/Group3Game3/Group3FlyGame/Content/StarterContent/Textures/T_Concrete_Grime_D.uasset" 493
"../../../../../Unreal/Group3Game3/Group3FlyGame/Content/StarterContent/Materials/M_Concrete_Grime.uasset" 494
"../../../../../Unreal/Group3Game3/Group3FlyGame/Content/StarterContent/Textures/T_CobbleStone_Smooth_N.uasset" 495
"../../../../../Unreal/Group3Game3/Group3FlyGame/Content/StarterContent/Textures/T_CobbleStone_Smooth_M.uasset" 496
"../../../../../Unreal/Group3Game3/Group3FlyGame/Content/StarterContent/Textures/T_CobbleStone_Smooth_D.uasset" 497
"../../../../../Unreal/Group3Game3/Group3FlyGame/Content/StarterContent/Textures/T_Rock_Smooth_Granite_D.uasset" 498
"../../../../../Unreal/Group3Game3/Group3FlyGame/Content/StarterContent/Textures/T_Gradinet_01.uasset" 499
"../../../../../Unreal/Group3Game3/Group3FlyGame/Content/StarterContent/Materials/M_CobbleStone_Smooth.uasset" 500
"../../../../../Unreal/Group3Game3/Group3FlyGame/Content/StarterContent/Textures/T_CobbleStone_Rough_N.uasset" 501
"../../../../../Unreal/Group3Game3/Group3FlyGame/Content/StarterContent/Textures/T_CobbleStone_Rough_D.uasset" 502
"../../../../../Unreal/Group3Game3/Group3FlyGame/Content/StarterContent/Materials/M_CobbleStone_Rough.uasset" 503
"../../../../../Unreal/Group3Game3/Group3FlyGame/Content/StarterContent/Textures/T_CobbleStone_Pebble_N.uasset" 504
"../../../../../Unreal/Group3Game3/Group3FlyGame/Content/StarterContent/Textures/T_CobbleStone_Pebble_M.uasset" 505
"../../../../../Unreal/Group3Game3/Group3FlyGame/Content/StarterContent/Textures/T_CobbleStone_Pebble_D.uasset" 506
"../../../../../Unreal/Group3Game3/Group3FlyGame/Content/StarterContent/Materials/M_CobbleStone_Pebble.uasset" 507
"../../../../../Unreal/Group3Game3/Group3FlyGame/Content/StarterContent/Textures/T_Ceramic_Tile_N.uasset" 508
"../../../../../Unreal/Group3Game3/Group3FlyGame/Content/StarterContent/Textures/T_Ceramic_Tile_M.uasset" 509
"../../../../../Unreal/Group3Game3/Group3FlyGame/Content/StarterContent/Materials/M_Ceramic_Tile_Checker.uasset" 510
"../../../../../Unreal/Group3Game3/Group3FlyGame/Content/StarterContent/Textures/T_Brick_Hewn_Stone_N.uasset" 511
"../../../../../Unreal/Group3Game3/Group3FlyGame/Content/StarterContent/Textures/T_Brick_Hewn_Stone_M.uasset" 512
"../../../../../Unreal/Group3Game3/Group3FlyGame/Content/StarterContent/Textures/T_Brick_Hewn_Stone_D.uasset" 513
"../../../../../Unreal/Group3Game3/Group3FlyGame/Content/StarterContent/Materials/M_Brick_Hewn_Stone.uasset" 514
"../../../../../Unreal/Group3Game3/Group3FlyGame/Content/StarterContent/Textures/T_Brick_Cut_Stone_N.uasset" 515
"../../../../../Unreal/Group3Game3/Group3FlyGame/Content/StarterContent/Textures/T_Brick_Cut_Stone_D.uasset" 516
"../../../../../Unreal/Group3Game3/Group3FlyGame/Content/StarterContent/Materials/M_Brick_Cut_Stone.uasset" 517
"../../../../../Unreal/Group3Game3/Group3FlyGame/Content/StarterContent/Textures/T_Brick_Clay_Old_N.uasset" 518
"../../../../../Unreal/Group3Game3/Group3FlyGame/Content/StarterContent/Textures/T_Brick_Clay_Old_D.uasset" 519
"../../../../../Unreal/Group3Game3/Group3FlyGame/Content/StarterContent/Materials/M_Brick_Clay_Old.uasset" 520
"../../../../../Unreal/Group3Game3/Group3FlyGame/Content/StarterContent/Textures/T_Brick_Clay_New_N.uasset" 521
"../../../../../Unreal/Group3Game3/Group3FlyGame/Content/StarterContent/Textures/T_Brick_Clay_New_M.uasset" 522
"../../../../../Unreal/Group3Game3/Group3FlyGame/Content/StarterContent/Textures/T_Brick_Clay_New_D.uasset" 523
"../../../../../Unreal/Group3Game3/Group3FlyGame/Content/StarterContent/Materials/M_Brick_Clay_New.uasset" 524
"../../../../../Unreal/Group3Game3/Group3FlyGame/Content/StarterContent/Textures/T_Brick_Clay_Beveled_N.uasset" 525
"../../../../../Unreal/Group3Game3/Group3FlyGame/Content/StarterContent/Textures/T_Brick_Clay_Beveled_M.uasset" 526
"../../../../../Unreal/Group3Game3/Group3FlyGame/Content/StarterContent/Textures/T_Brick_Clay_Beveled_D.uasset" 527
"../../../../../Unreal/Group3Game3/Group3FlyGame/Content/StarterContent/Materials/M_Brick_Clay_Beveled.uasset" 528
"../../../Engine/Content/Functions/Engine_MaterialFunctions03/Procedurals/ComputeFilterWidth.uasset" 529
"../../../Engine/Content/EngineMaterials/AntiAliasedTextMaterialTranslucent.uasset" 530
"../../../../../Unreal/Group3Game3/Group3FlyGame/Content/StarterContent/Maps/StarterMap_BuiltData.uasset" 531
"../../../../../Unreal/Group3Game3/Group3FlyGame/Content/StarterContent/Textures/T_Concrete_Poured_N.uasset" 532
"../../../../../Unreal/Group3Game3/Group3FlyGame/Content/StarterContent/Textures/T_Concrete_Poured_D.uasset" 533
"../../../../../Unreal/Group3Game3/Group3FlyGame/Content/StarterContent/Materials/M_Concrete_Poured.uasset" 534
"../../../../../Unreal/Group3Game3/Group3FlyGame/Content/StarterContent/Materials/M_Metal_Chrome.uasset" 535
"../../../../../Unreal/Group3Game3/Group3FlyGame/Content/StarterContent/Architecture/Wall_400x200.uasset" 536
"../../../../../Unreal/Group3Game3/Group3FlyGame/Content/StarterContent/Architecture/Wall_Window_400x300.uasset" 537
"../../../../../Unreal/Group3Game3/Group3FlyGame/Content/StarterContent/Architecture/Wall_Door_400x300.uasset" 538
"../../../../../Unreal/Group3Game3/Group3FlyGame/Content/StarterContent/Audio/Collapse_Cue.uasset" 539
"../../../../../Unreal/Group3Game3/Group3FlyGame/Content/StarterContent/Props/SM_Lamp_Ceiling.uasset" 540
"../../../../../Unreal/Group3Game3/Group3FlyGame/Content/StarterContent/Blueprints/Blueprint_CeilingLight.uasset" 541
"../../../../../Unreal/Group3Game3/Group3FlyGame/Content/StarterContent/Audio/Starter_Music_Cue.uasset" 542
"../../../../../Unreal/Group3Game3/Group3FlyGame/Content/StarterContent/Audio/Fire01_Cue.uasset" 543
"../../../../../Unreal/Group3Game3/Group3FlyGame/Content/StarterContent/Particles/Materials/M_Heat_Distortion.uasset" 544
"../../../../../Unreal/Group3Game3/Group3FlyGame/Content/StarterContent/Textures/T_Fire_Tiled_D.uasset" 545
"../../../../../Unreal/Group3Game3/Group3FlyGame/Content/StarterContent/Textures/T_Fire_SubUV.uasset" 546
"../../../../../Unreal/Group3Game3/Group3FlyGame/Content/StarterContent/Particles/Materials/M_Fire_SubUV.uasset" 547
"../../../../../Unreal/Group3Game3/Group3FlyGame/Content/StarterContent/Particles/P_Fire.uasset" 548
"../../../../../Unreal/Group3Game3/Group3FlyGame/Content/StarterContent/Blueprints/Blueprint_Effect_Fire.uasset" 549
"../../../../../Unreal/Group3Game3/Group3FlyGame/Content/StarterContent/Maps/StarterMap.umap" 550
"../../../../../Unreal/Group3Game3/Group3FlyGame/Content/FlyGame/MainMenu/Widgets/HUD.uasset" 551
"../../../../../Unreal/Group3Game3/Group3FlyGame/Content/FlyGame/BuildLevel_BuiltData.uasset" 552
"../../../../../Unreal/Group3Game3/Group3FlyGame/Content/ArtAssets/Metal.uasset" 553
"../../../../../Unreal/Group3Game3/Group3FlyGame/Content/ArtAssets/metalammo.uasset" 554
"../../../../../Unreal/Group3Game3/Group3FlyGame/Content/ArtAssets/aiStandardSurface3.uasset" 555
"../../../../../Unreal/Group3Game3/Group3FlyGame/Content/ArtAssets/aiStandardSurface4.uasset" 556
"../../../../../Unreal/Group3Game3/Group3FlyGame/Content/ArtAssets/aiStandardSurface5.uasset" 557
"../../../../../Unreal/Group3Game3/Group3FlyGame/Content/ArtAssets/aiStandardSurface2.uasset" 558
"../../../../../Unreal/Group3Game3/Group3FlyGame/Content/ArtAssets/Ammo_Box.uasset" 559
"../../../../../Unreal/Group3Game3/Group3FlyGame/Content/ArtAssets/Untit.uasset" 560
"../../../../../Unreal/Group3Game3/Group3FlyGame/Content/ArtAssets/bulletmat.uasset" 561
"../../../../../Unreal/Group3Game3/Group3FlyGame/Content/ArtAssets/Wood_Texture.uasset" 562
"../../../../../Unreal/Group3Game3/Group3FlyGame/Content/ArtAssets/wood.uasset" 563
"../../../../../Unreal/Group3Game3/Group3FlyGame/Content/FlyGame/Blueprints/AmmoPickup.uasset" 564
"../../../Engine/Content/BasicShapes/Sphere.uasset" 565
"../../../../../Unreal/Group3Game3/Group3FlyGame/Content/FlyGame/Blueprints/fan.uasset" 566
"../../../../../Unreal/Group3Game3/Group3FlyGame/Content/FlyGame/Blueprints/InvisibleWall.uasset" 567
"../../../../../Unreal/Group3Game3/Group3FlyGame/Content/FlyGame/Blueprints/movingwalls.uasset" 568
"../../../../../Unreal/Group3Game3/Group3FlyGame/Content/FlyGame/Blueprints/RotatorV2.uasset" 569
"../../../../../Unreal/Group3Game3/Group3FlyGame/Content/ArtAssets/Audio/fanfare-victory-road-II.uasset" 570
"../../../../../Unreal/Group3Game3/Group3FlyGame/Content/FlyGame/MainMenu/Widgets/WinMenu.uasset" 571
"../../../../../Unreal/Group3Game3/Group3FlyGame/Content/FlyGame/Blueprints/Winzone.uasset" 572
"../../../../../Unreal/Group3Game3/Group3FlyGame/Content/ArtAssets/Resume.uasset" 573
"../../../../../Unreal/Group3Game3/Group3FlyGame/Content/FlyGame/MainMenu/Widgets/PauseMenu.uasset" 574
"../../../../../Unreal/Group3Game3/Group3FlyGame/Content/FlyGame/BuildLevel.umap" 575
"../../../Engine/Content/Maps/Entry_BuiltData.uasset" 576
"../../../Engine/Content/Maps/Entry.umap" 577
